C:\Program Files (x86)\MSBuild\Microsoft.Cpp\v4.0\V140\Microsoft.CppBuild.targets(392,5): warning MSB8028: The intermediate directory (Debug\) contains files shared from another project (PlotfGame_MapEditor.vcxproj).  This can lead to incorrect clean and rebuild behavior.
  MAIN.cpp
c:\users\йцукен\documents\visual studio 2015\projects\plotfgame_mapeditor\plotfgame_mapeditor\main.cpp(81): warning C4018: <: несоответствие типов со знаком и без знака
c:\users\йцукен\documents\visual studio 2015\projects\plotfgame_mapeditor\plotfgame_mapeditor\main.cpp(82): warning C4018: <: несоответствие типов со знаком и без знака
c:\users\йцукен\documents\visual studio 2015\projects\plotfgame_mapeditor\plotfgame_mapeditor\main.cpp(84): warning C4244: аргумент: преобразование "int" в "float", возможна потеря данных
  Entity.cpp
c:\users\йцукен\documents\visual studio 2015\projects\plotfgame_mapeditor\plotfgame_mapeditor\entity.h(38): error C2065: Block: необъявленный идентификатор
c:\users\йцукен\documents\visual studio 2015\projects\plotfgame_mapeditor\plotfgame_mapeditor\entity.h(38): error C2923: std::vector: "Block" не является допустимым аргументом типа шаблон для параметра "_Ty"
c:\users\йцукен\documents\visual studio 2015\projects\plotfgame_mapeditor\plotfgame_mapeditor\entity.h(38): error C3203: "allocator": неспециализированный класс шаблон нельзя использовать в качестве аргумента шаблон для параметра шаблон "_Alloc", требуется действительный тип
c:\users\йцукен\documents\visual studio 2015\projects\plotfgame_mapeditor\plotfgame_mapeditor\entity.cpp(58): error C2511: void Player::Collision(std::vector<std::vector<int,std::allocator<_Ty>>,std::allocator<std::vector<_Ty,std::allocator<_Ty>>>>,std::vector<Block,std::allocator<Block>>): перегруженная функция-член не найдена в "Player"
          with
          [
              _Ty=int
          ]
  c:\users\йцукен\documents\visual studio 2015\projects\plotfgame_mapeditor\plotfgame_mapeditor\entity.h(13): note:  см. объявление "Player"
c:\users\йцукен\documents\visual studio 2015\projects\plotfgame_mapeditor\plotfgame_mapeditor\entity.cpp(61): error C2228: выражение слева от ".getPosition" должно представлять класс, структуру или объединение
c:\users\йцукен\documents\visual studio 2015\projects\plotfgame_mapeditor\plotfgame_mapeditor\entity.cpp(61): error C2228: выражение слева от ".y" должно представлять класс, структуру или объединение
c:\users\йцукен\documents\visual studio 2015\projects\plotfgame_mapeditor\plotfgame_mapeditor\entity.cpp(61): error C2597: недопустимая ссылка на нестатический член "Player::length"
c:\users\йцукен\documents\visual studio 2015\projects\plotfgame_mapeditor\plotfgame_mapeditor\entity.cpp(61): error C3867: "Player::length": нестандартный синтаксис; используйте "&", чтобы создать указатель на член
c:\users\йцукен\documents\visual studio 2015\projects\plotfgame_mapeditor\plotfgame_mapeditor\entity.cpp(62): error C2228: выражение слева от ".getPosition" должно представлять класс, структуру или объединение
c:\users\йцукен\documents\visual studio 2015\projects\plotfgame_mapeditor\plotfgame_mapeditor\entity.cpp(62): error C2228: выражение слева от ".x" должно представлять класс, структуру или объединение
c:\users\йцукен\documents\visual studio 2015\projects\plotfgame_mapeditor\plotfgame_mapeditor\entity.cpp(62): error C2597: недопустимая ссылка на нестатический член "Player::width"
c:\users\йцукен\documents\visual studio 2015\projects\plotfgame_mapeditor\plotfgame_mapeditor\entity.cpp(62): error C3867: "Player::width": нестандартный синтаксис; используйте "&", чтобы создать указатель на член
c:\users\йцукен\documents\visual studio 2015\projects\plotfgame_mapeditor\plotfgame_mapeditor\entity.cpp(64): error C2784: std::reverse_iterator<_RanIt> std::operator +(reverse_iterator<_RanIt>::difference_type,const std::reverse_iterator<_RanIt> &): не удалось вывести аргумент шаблон для "const std::reverse_iterator<_RanIt> &" из "int"
  c:\program files (x86)\microsoft visual studio 14.0\vc\include\xutility(1280): note:  см. объявление "std::operator +"
c:\users\йцукен\documents\visual studio 2015\projects\plotfgame_mapeditor\plotfgame_mapeditor\entity.cpp(64): error C2784: std::_Array_const_iterator<_Ty,_Size> std::operator +(_Array_const_iterator<_Ty,_Size>::difference_type,std::_Array_const_iterator<_Ty,_Size>): не удалось вывести аргумент шаблон для "std::_Array_const_iterator<_Ty,_Size>" из "int"
  c:\program files (x86)\microsoft visual studio 14.0\vc\include\xutility(1910): note:  см. объявление "std::operator +"
c:\users\йцукен\documents\visual studio 2015\projects\plotfgame_mapeditor\plotfgame_mapeditor\entity.cpp(64): error C2784: std::_Array_iterator<_Ty,_Size> std::operator +(_Array_iterator<_Ty,_Size>::difference_type,std::_Array_iterator<_Ty,_Size>): не удалось вывести аргумент шаблон для "std::_Array_iterator<_Ty,_Size>" из "int"
  c:\program files (x86)\microsoft visual studio 14.0\vc\include\xutility(2046): note:  см. объявление "std::operator +"
c:\users\йцукен\documents\visual studio 2015\projects\plotfgame_mapeditor\plotfgame_mapeditor\entity.cpp(64): error C2784: std::move_iterator<_RanIt> std::operator +(_Diff,const std::move_iterator<_RanIt> &): не удалось вывести аргумент шаблон для "const std::move_iterator<_RanIt> &" из "int"
  c:\program files (x86)\microsoft visual studio 14.0\vc\include\xutility(2195): note:  см. объявление "std::operator +"
c:\users\йцукен\documents\visual studio 2015\projects\plotfgame_mapeditor\plotfgame_mapeditor\entity.cpp(64): error C2784: std::_String_const_iterator<_Mystr> std::operator +(_String_const_iterator<_Mystr>::difference_type,std::_String_const_iterator<_Mystr>): не удалось вывести аргумент шаблон для "std::_String_const_iterator<_Mystr>" из "int"
  c:\program files (x86)\microsoft visual studio 14.0\vc\include\xstring(293): note:  см. объявление "std::operator +"
c:\users\йцукен\documents\visual studio 2015\projects\plotfgame_mapeditor\plotfgame_mapeditor\entity.cpp(64): error C2784: std::_String_iterator<_Mystr> std::operator +(_String_iterator<_Mystr>::difference_type,std::_String_iterator<_Mystr>): не удалось вывести аргумент шаблон для "std::_String_iterator<_Mystr>" из "int"
  c:\program files (x86)\microsoft visual studio 14.0\vc\include\xstring(425): note:  см. объявление "std::operator +"
c:\users\йцукен\documents\visual studio 2015\projects\plotfgame_mapeditor\plotfgame_mapeditor\entity.cpp(64): error C2784: std::basic_string<_Elem,_Traits,_Alloc> std::operator +(const std::basic_string<_Elem,_Traits,_Alloc> &,const std::basic_string<_Elem,_Traits,_Alloc> &): не удалось вывести аргумент шаблон для "const std::basic_string<_Elem,_Traits,_Alloc> &" из "std::vector<std::vector<int,std::allocator<_Ty>>,std::allocator<std::vector<_Ty,std::allocator<_Ty>>>>"
          with
          [
              _Ty=int
          ]
  c:\program files (x86)\microsoft visual studio 14.0\vc\include\xstring(2310): note:  см. объявление "std::operator +"
c:\users\йцукен\documents\visual studio 2015\projects\plotfgame_mapeditor\plotfgame_mapeditor\entity.cpp(64): error C2784: std::basic_string<_Elem,_Traits,_Alloc> std::operator +(const _Elem *,const std::basic_string<_Elem,_Traits,_Alloc> &): не удалось вывести аргумент шаблон для "const _Elem *" из "std::vector<std::vector<int,std::allocator<_Ty>>,std::allocator<std::vector<_Ty,std::allocator<_Ty>>>>"
          with
          [
              _Ty=int
          ]
  c:\program files (x86)\microsoft visual studio 14.0\vc\include\xstring(2324): note:  см. объявление "std::operator +"
c:\users\йцукен\documents\visual studio 2015\projects\plotfgame_mapeditor\plotfgame_mapeditor\entity.cpp(64): error C2784: std::basic_string<_Elem,_Traits,_Alloc> std::operator +(const _Elem,const std::basic_string<_Elem,_Traits,_Alloc> &): не удалось вывести аргумент шаблон для "const std::basic_string<_Elem,_Traits,_Alloc> &" из "int"
  c:\program files (x86)\microsoft visual studio 14.0\vc\include\xstring(2338): note:  см. объявление "std::operator +"
c:\users\йцукен\documents\visual studio 2015\projects\plotfgame_mapeditor\plotfgame_mapeditor\entity.cpp(64): error C2784: std::basic_string<_Elem,_Traits,_Alloc> std::operator +(const std::basic_string<_Elem,_Traits,_Alloc> &,const _Elem *): не удалось вывести аргумент шаблон для "const std::basic_string<_Elem,_Traits,_Alloc> &" из "std::vector<std::vector<int,std::allocator<_Ty>>,std::allocator<std::vector<_Ty,std::allocator<_Ty>>>>"
          with
          [
              _Ty=int
          ]
  c:\program files (x86)\microsoft visual studio 14.0\vc\include\xstring(2352): note:  см. объявление "std::operator +"
c:\users\йцукен\documents\visual studio 2015\projects\plotfgame_mapeditor\plotfgame_mapeditor\entity.cpp(64): error C2784: std::basic_string<_Elem,_Traits,_Alloc> std::operator +(const std::basic_string<_Elem,_Traits,_Alloc> &,const _Elem): не удалось вывести аргумент шаблон для "const std::basic_string<_Elem,_Traits,_Alloc> &" из "std::vector<std::vector<int,std::allocator<_Ty>>,std::allocator<std::vector<_Ty,std::allocator<_Ty>>>>"
          with
          [
              _Ty=int
          ]
  c:\program files (x86)\microsoft visual studio 14.0\vc\include\xstring(2366): note:  см. объявление "std::operator +"
c:\users\йцукен\documents\visual studio 2015\projects\plotfgame_mapeditor\plotfgame_mapeditor\entity.cpp(64): error C2784: std::basic_string<_Elem,_Traits,_Alloc> std::operator +(const std::basic_string<_Elem,_Traits,_Alloc> &,std::basic_string<_Elem,_Traits,_Alloc> &&): не удалось вывести аргумент шаблон для "const std::basic_string<_Elem,_Traits,_Alloc> &" из "std::vector<std::vector<int,std::allocator<_Ty>>,std::allocator<std::vector<_Ty,std::allocator<_Ty>>>>"
          with
          [
              _Ty=int
          ]
  c:\program files (x86)\microsoft visual studio 14.0\vc\include\xstring(2380): note:  см. объявление "std::operator +"
c:\users\йцукен\documents\visual studio 2015\projects\plotfgame_mapeditor\plotfgame_mapeditor\entity.cpp(64): error C2784: std::basic_string<_Elem,_Traits,_Alloc> std::operator +(std::basic_string<_Elem,_Traits,_Alloc> &&,const std::basic_string<_Elem,_Traits,_Alloc> &): не удалось вывести аргумент шаблон для "std::basic_string<_Elem,_Traits,_Alloc> &&" из "std::vector<std::vector<int,std::allocator<_Ty>>,std::allocator<std::vector<_Ty,std::allocator<_Ty>>>>"
          with
          [
              _Ty=int
          ]
  c:\program files (x86)\microsoft visual studio 14.0\vc\include\xstring(2390): note:  см. объявление "std::operator +"
c:\users\йцукен\documents\visual studio 2015\projects\plotfgame_mapeditor\plotfgame_mapeditor\entity.cpp(64): error C2784: std::basic_string<_Elem,_Traits,_Alloc> std::operator +(std::basic_string<_Elem,_Traits,_Alloc> &&,std::basic_string<_Elem,_Traits,_Alloc> &&): не удалось вывести аргумент шаблон для "std::basic_string<_Elem,_Traits,_Alloc> &&" из "std::vector<std::vector<int,std::allocator<_Ty>>,std::allocator<std::vector<_Ty,std::allocator<_Ty>>>>"
          with
          [
              _Ty=int
          ]
  c:\program files (x86)\microsoft visual studio 14.0\vc\include\xstring(2400): note:  см. объявление "std::operator +"
c:\users\йцукен\documents\visual studio 2015\projects\plotfgame_mapeditor\plotfgame_mapeditor\entity.cpp(64): error C2784: std::basic_string<_Elem,_Traits,_Alloc> std::operator +(const _Elem *,std::basic_string<_Elem,_Traits,_Alloc> &&): не удалось вывести аргумент шаблон для "const _Elem *" из "std::vector<std::vector<int,std::allocator<_Ty>>,std::allocator<std::vector<_Ty,std::allocator<_Ty>>>>"
          with
          [
              _Ty=int
          ]
  c:\program files (x86)\microsoft visual studio 14.0\vc\include\xstring(2414): note:  см. объявление "std::operator +"
c:\users\йцукен\documents\visual studio 2015\projects\plotfgame_mapeditor\plotfgame_mapeditor\entity.cpp(64): error C2784: std::basic_string<_Elem,_Traits,_Alloc> std::operator +(const _Elem,std::basic_string<_Elem,_Traits,_Alloc> &&): не удалось вывести аргумент шаблон для "std::basic_string<_Elem,_Traits,_Alloc> &&" из "int"
  c:\program files (x86)\microsoft visual studio 14.0\vc\include\xstring(2424): note:  см. объявление "std::operator +"
c:\users\йцукен\documents\visual studio 2015\projects\plotfgame_mapeditor\plotfgame_mapeditor\entity.cpp(64): error C2784: std::basic_string<_Elem,_Traits,_Alloc> std::operator +(std::basic_string<_Elem,_Traits,_Alloc> &&,const _Elem *): не удалось вывести аргумент шаблон для "std::basic_string<_Elem,_Traits,_Alloc> &&" из "std::vector<std::vector<int,std::allocator<_Ty>>,std::allocator<std::vector<_Ty,std::allocator<_Ty>>>>"
          with
          [
              _Ty=int
          ]
  c:\program files (x86)\microsoft visual studio 14.0\vc\include\xstring(2436): note:  см. объявление "std::operator +"
c:\users\йцукен\documents\visual studio 2015\projects\plotfgame_mapeditor\plotfgame_mapeditor\entity.cpp(64): error C2784: std::basic_string<_Elem,_Traits,_Alloc> std::operator +(std::basic_string<_Elem,_Traits,_Alloc> &&,const _Elem): не удалось вывести аргумент шаблон для "std::basic_string<_Elem,_Traits,_Alloc> &&" из "std::vector<std::vector<int,std::allocator<_Ty>>,std::allocator<std::vector<_Ty,std::allocator<_Ty>>>>"
          with
          [
              _Ty=int
          ]
  c:\program files (x86)\microsoft visual studio 14.0\vc\include\xstring(2446): note:  см. объявление "std::operator +"
c:\users\йцукен\documents\visual studio 2015\projects\plotfgame_mapeditor\plotfgame_mapeditor\entity.cpp(64): error C2784: std::_Vector_const_iterator<_Myvec> std::operator +(_Vector_const_iterator<_Myvec>::difference_type,std::_Vector_const_iterator<_Myvec>): не удалось вывести аргумент шаблон для "std::_Vector_const_iterator<_Myvec>" из "int"
  c:\program files (x86)\microsoft visual studio 14.0\vc\include\vector(285): note:  см. объявление "std::operator +"
c:\users\йцукен\documents\visual studio 2015\projects\plotfgame_mapeditor\plotfgame_mapeditor\entity.cpp(64): error C2784: std::_Vector_iterator<_Myvec> std::operator +(_Vector_iterator<_Myvec>::difference_type,std::_Vector_iterator<_Myvec>): не удалось вывести аргумент шаблон для "std::_Vector_iterator<_Myvec>" из "int"
  c:\program files (x86)\microsoft visual studio 14.0\vc\include\vector(416): note:  см. объявление "std::operator +"
c:\users\йцукен\documents\visual studio 2015\projects\plotfgame_mapeditor\plotfgame_mapeditor\entity.cpp(64): error C2784: std::_Vb_const_iterator<_Alloc> std::operator +(_Alloc::difference_type,std::_Vb_const_iterator<_Alloc>): не удалось вывести аргумент шаблон для "std::_Vb_const_iterator<_Alloc>" из "int"
  c:\program files (x86)\microsoft visual studio 14.0\vc\include\vector(2203): note:  см. объявление "std::operator +"
c:\users\йцукен\documents\visual studio 2015\projects\plotfgame_mapeditor\plotfgame_mapeditor\entity.cpp(64): error C2784: std::_Vb_iterator<_Alloc> std::operator +(_Alloc::difference_type,std::_Vb_iterator<_Alloc>): не удалось вывести аргумент шаблон для "std::_Vb_iterator<_Alloc>" из "int"
  c:\program files (x86)\microsoft visual studio 14.0\vc\include\vector(2310): note:  см. объявление "std::operator +"
c:\users\йцукен\documents\visual studio 2015\projects\plotfgame_mapeditor\plotfgame_mapeditor\entity.cpp(64): error C2676: бинарный "+": "std::vector<std::vector<int,std::allocator<_Ty>>,std::allocator<std::vector<_Ty,std::allocator<_Ty>>>>" не определяет этот оператор или преобразование к типу приемлемо к встроенному оператору
          with
          [
              _Ty=int
          ]
c:\users\йцукен\documents\visual studio 2015\projects\plotfgame_mapeditor\plotfgame_mapeditor\entity.cpp(65): error C2059: синтаксическая ошибка: }
  Создание кода...
